20:34:01.077 [main] INFO  server.ServerApp - dsds
20:34:01.077 [main] ERROR server.ServerApp - errrror
20:34:01.077 [main] WARN  server.ServerApp - info
20:34:01.077 [main] WARN  server.ServerApp - W
20:34:01.077 [main] WARN  server.ServerApp - log
20:37:43.662 [main] INFO  server.ServerApp - dsds
20:37:43.664 [main] ERROR server.ServerApp - errrror
20:37:43.664 [main] WARN  server.ServerApp - info
20:37:43.664 [main] WARN  server.ServerApp - W
20:37:43.664 [main] WARN  server.ServerApp - log
20:38:02.676 [main] INFO  server.ServerApp - dsds
20:38:02.678 [main] ERROR server.ServerApp - errrror
20:38:02.678 [main] WARN  server.ServerApp - info
20:38:02.678 [main] WARN  server.ServerApp - W
20:38:02.678 [main] WARN  server.ServerApp - log
20:38:21.431 [main] INFO  server.ServerApp - dsds
20:38:21.434 [main] ERROR server.ServerApp - errrror
20:38:21.434 [main] WARN  server.ServerApp - info
20:38:21.434 [main] WARN  server.ServerApp - W
20:38:21.434 [main] WARN  server.ServerApp - log
